Server started.
Server started.
GuestAAAB connected.
GuestAAAB changed their username to jojo
jojo: hello
Client list requested: jojo
jojo disconnected.
GuestAAAD connected.
GuestAAAD disconnected.
GuestAAAF connected.
Server started.
GuestAAAB connected.
GuestAAAB disconnected.
GuestAAAD connected.
Client list requested: GuestAAAD
Server started.
GuestAAAB connected.
GuestAAAB disconnected.
GuestAAAD connected.
Server started.
GuestAAAB connected.
GuestAAAB disconnected.
GuestAAAD connected.
Server started.
GuestAAAB connected.
Server started.
GuestAAAB connected.
GuestAAAB disconnected.
GuestAAAD connected.
GuestAAAD disconnected.
GuestAAAF connected.
GuestAAAF disconnected.
GuestAAAH connected.
GuestAAAH disconnected.
GuestAAAJ connected.
GuestAAAJ disconnected.
GuestAAAL connected.
Server started.
GuestAAAB connected.
GuestAAAB disconnected.
GuestAAAD connected.
GuestAAAD disconnected.
GuestAAAF connected.
Server started.
GuestAAAB connected.
GuestAAAB disconnected.
GuestAAAD connected.
Server started.
